Copyright 1986-2021 Xilinx, Inc. All Rights Reserved.
------------------------------------------------------------------------------------------------------------
| Tool Version : Vivado v.2021.2 (lin64) Build 3367213 Tue Oct 19 02:47:39 MDT 2021
| Date         : Mon Jul 22 13:16:46 2024
| Host         : gonzo-VirtualBox running 64-bit Ubuntu 20.04.6 LTS
| Command      : report_clock_utilization -file xilinx_core_v_mini_mcu_wrapper_clock_utilization_routed.rpt
| Design       : xilinx_core_v_mini_mcu_wrapper
| Device       : 7z020-clg400
| Speed File   : -1  PRODUCTION 1.12 2019-11-22
| Design State : Routed
------------------------------------------------------------------------------------------------------------

Clock Utilization Report

Table of Contents
-----------------
1. Clock Primitive Utilization
2. Global Clock Resources
3. Global Clock Source Details
4. Clock Regions: Key Resource Utilization
5. Clock Regions : Global Clock Summary
6. Device Cell Placement Summary for Global Clock g0
7. Device Cell Placement Summary for Global Clock g1
8. Device Cell Placement Summary for Global Clock g2
9. Device Cell Placement Summary for Global Clock g3
10. Device Cell Placement Summary for Global Clock g4
11. Device Cell Placement Summary for Global Clock g5
12. Device Cell Placement Summary for Global Clock g6
13. Device Cell Placement Summary for Global Clock g7
14. Device Cell Placement Summary for Global Clock g8
15. Device Cell Placement Summary for Global Clock g9
16. Clock Region Cell Placement per Global Clock: Region X0Y0
17. Clock Region Cell Placement per Global Clock: Region X1Y0
18. Clock Region Cell Placement per Global Clock: Region X0Y1
19. Clock Region Cell Placement per Global Clock: Region X1Y1
20. Clock Region Cell Placement per Global Clock: Region X0Y2
21. Clock Region Cell Placement per Global Clock: Region X1Y2

1. Clock Primitive Utilization
------------------------------

+----------+------+-----------+-----+--------------+--------+
| Type     | Used | Available | LOC | Clock Region | Pblock |
+----------+------+-----------+-----+--------------+--------+
| BUFGCTRL |   10 |        32 |   0 |            0 |      0 |
| BUFH     |    0 |        72 |   0 |            0 |      0 |
| BUFIO    |    0 |        16 |   0 |            0 |      0 |
| BUFMR    |    0 |         8 |   0 |            0 |      0 |
| BUFR     |    0 |        16 |   0 |            0 |      0 |
| MMCM     |    1 |         4 |   0 |            0 |      0 |
| PLL      |    0 |         4 |   0 |            0 |      0 |
+----------+------+-----------+-----+--------------+--------+


2. Global Clock Resources
-------------------------

+-----------+-----------+-----------------+------------+----------------+--------------+-------------------+-------------+-----------------+--------------+------------------------------------------+------------------------------------------------------------------------------------------------------------------------------------------+------------------------------------------------------------------------------------------------------------------------------------------+
| Global Id | Source Id | Driver Type/Pin | Constraint | Site           | Clock Region | Load Clock Region | Clock Loads | Non-Clock Loads | Clock Period | Clock                                    | Driver Pin                                                                                                                               | Net                                                                                                                                      |
+-----------+-----------+-----------------+------------+----------------+--------------+-------------------+-------------+-----------------+--------------+------------------------------------------+------------------------------------------------------------------------------------------------------------------------------------------+------------------------------------------------------------------------------------------------------------------------------------------+
| g0        | src0      | BUFG/O          | None       | BUFGCTRL_X0Y0  | n/a          |                 5 |       14216 |               0 |       66.667 | clk_out1_xilinx_clk_wizard_clk_wiz_0_0_1 | q_reg[31]_i_3__1/O                                                                                                                       | core_v_mini_mcu_i/peripheral_subsystem_i/clk_cg                                                                                          |
| g1        | src0      | BUFG/O          | None       | BUFGCTRL_X0Y16 | n/a          |                 6 |       11560 |               4 |       66.667 | clk_out1_xilinx_clk_wizard_clk_wiz_0_0_1 | xilinx_clk_wizard_wrapper_i/xilinx_clk_wizard_i/clk_wiz_0/inst/clkout1_buf/O                                                             | xilinx_clk_wizard_wrapper_i/xilinx_clk_wizard_i/clk_wiz_0/inst/clk_out1                                                                  |
| g2        | src0      | BUFG/O          | None       | BUFGCTRL_X0Y1  | n/a          |                 2 |        2179 |               0 |       66.667 | clk_out1_xilinx_clk_wizard_clk_wiz_0_0_1 | cnt_q_reg[1]_i_1/O                                                                                                                       | core_v_mini_mcu_i/cpu_subsystem_i/gen_cv32e40px.cv32e40px_top_i/core_i/clk                                                               |
| g3        | src1      | BUFG/O          | None       | BUFGCTRL_X0Y2  | n/a          |                 1 |         241 |               0 |              |                                          | FSM_sequential_state_q_reg[1]_i_2/O                                                                                                      | core_v_mini_mcu_i/debug_subsystem_i/dmi_jtag_i/tck                                                                                       |
| g4        | src0      | BUFG/O          | None       | BUFGCTRL_X0Y3  | n/a          |                 1 |         223 |               0 |       66.667 | clk_out1_xilinx_clk_wizard_clk_wiz_0_0_1 | r_counter_reg[4]_i_2/O                                                                                                                   | i2s_sck_out_x                                                                                                                            |
| g5        | src2      | BUFGCTRL/O      | None       | BUFGCTRL_X0Y17 | n/a          |                 2 |           2 |               2 |       66.667 |                                          | x_heep_system_i/core_v_mini_mcu_i/peripheral_subsystem_i/i2s_i/i2s_core_i/i2s_clk_gen_i/i_clk_bypass_mux/xilinx_i_clk_mux2_i/i_BUFGMUX/O | x_heep_system_i/core_v_mini_mcu_i/peripheral_subsystem_i/i2s_i/i2s_core_i/i2s_clk_gen_i/i_clk_bypass_mux/xilinx_i_clk_mux2_i/i_BUFGMUX_0 |
| g5        | src0      | BUFGCTRL/O      | None       | BUFGCTRL_X0Y17 | n/a          |                 2 |           2 |               2 |       66.667 | clk_out1_xilinx_clk_wizard_clk_wiz_0_0_1 | x_heep_system_i/core_v_mini_mcu_i/peripheral_subsystem_i/i2s_i/i2s_core_i/i2s_clk_gen_i/i_clk_bypass_mux/xilinx_i_clk_mux2_i/i_BUFGMUX/O | x_heep_system_i/core_v_mini_mcu_i/peripheral_subsystem_i/i2s_i/i2s_core_i/i2s_clk_gen_i/i_clk_bypass_mux/xilinx_i_clk_mux2_i/i_BUFGMUX_0 |
| g6        | src3      | BUFGCTRL/O      | None       | BUFGCTRL_X0Y18 | n/a          |                 1 |           1 |               0 |              |                                          | x_heep_system_i/core_v_mini_mcu_i/peripheral_subsystem_i/i2s_i/i2s_core_i/i2s_clk_gen_i/i_clk_mux/xilinx_i_clk_mux2_i/i_BUFGMUX/O        | x_heep_system_i/core_v_mini_mcu_i/peripheral_subsystem_i/i2s_i/i2s_core_i/i2s_clk_gen_i/i_clk_mux/xilinx_i_clk_mux2_i/generated_clock    |
| g6        | src4      | BUFGCTRL/O      | None       | BUFGCTRL_X0Y18 | n/a          |                 1 |           1 |               0 |              |                                          | x_heep_system_i/core_v_mini_mcu_i/peripheral_subsystem_i/i2s_i/i2s_core_i/i2s_clk_gen_i/i_clk_mux/xilinx_i_clk_mux2_i/i_BUFGMUX/O        | x_heep_system_i/core_v_mini_mcu_i/peripheral_subsystem_i/i2s_i/i2s_core_i/i2s_clk_gen_i/i_clk_mux/xilinx_i_clk_mux2_i/generated_clock    |
| g7        | src5      | BUFG/O          | None       | BUFGCTRL_X0Y19 | n/a          |                 1 |           1 |               0 |       40.000 | clkfbout_xilinx_clk_wizard_clk_wiz_0_0_1 | xilinx_clk_wizard_wrapper_i/xilinx_clk_wizard_i/clk_wiz_0/inst/clkf_buf/O                                                                | xilinx_clk_wizard_wrapper_i/xilinx_clk_wizard_i/clk_wiz_0/inst/clkfbout_buf_xilinx_clk_wizard_clk_wiz_0_0                                |
| g8        | src6      | BUFGCTRL/O      | None       | BUFGCTRL_X0Y5  | n/a          |                 1 |           0 |               1 |          n/a | n/a                                      | x_heep_system_i/rstgen_i/i_rstgen_bypass/i_tc_clk_mux2_rst_n/xilinx_i_clk_mux2_i/i_BUFGMUX/O                                             | x_heep_system_i/rstgen_i/i_rstgen_bypass/i_tc_clk_mux2_rst_n/xilinx_i_clk_mux2_i/rst_n                                                   |
| g8        | src7      | BUFGCTRL/O      | None       | BUFGCTRL_X0Y5  | n/a          |                 1 |           0 |               1 |          n/a | n/a                                      | x_heep_system_i/rstgen_i/i_rstgen_bypass/i_tc_clk_mux2_rst_n/xilinx_i_clk_mux2_i/i_BUFGMUX/O                                             | x_heep_system_i/rstgen_i/i_rstgen_bypass/i_tc_clk_mux2_rst_n/xilinx_i_clk_mux2_i/rst_n                                                   |
| g9        | src8      | BUFGCTRL/O      | None       | BUFGCTRL_X0Y4  | n/a          |                 1 |           0 |               6 |          n/a | n/a                                      | x_heep_system_i/rstgen_i/i_rstgen_bypass/i_tc_clk_mux2_rst_no/xilinx_i_clk_mux2_i/i_BUFGMUX/O                                            | x_heep_system_i/rstgen_i/i_rstgen_bypass/i_tc_clk_mux2_rst_no/xilinx_i_clk_mux2_i/rst_ngen                                               |
| g9        | src9      | BUFGCTRL/O      | None       | BUFGCTRL_X0Y4  | n/a          |                 1 |           0 |               6 |          n/a | n/a                                      | x_heep_system_i/rstgen_i/i_rstgen_bypass/i_tc_clk_mux2_rst_no/xilinx_i_clk_mux2_i/i_BUFGMUX/O                                            | x_heep_system_i/rstgen_i/i_rstgen_bypass/i_tc_clk_mux2_rst_no/xilinx_i_clk_mux2_i/rst_ngen                                               |
+-----------+-----------+-----------------+------------+----------------+--------------+-------------------+-------------+-----------------+--------------+------------------------------------------+------------------------------------------------------------------------------------------------------------------------------------------+------------------------------------------------------------------------------------------------------------------------------------------+
* Clock Loads column represents the clock pin loads (pin count)
** Non-Clock Loads column represents the non-clock pin loads (pin count)


3. Global Clock Source Details
------------------------------

+-----------+-----------+---------------------+------------+-----------------+--------------+-------------+-----------------+---------------------+------------------------------------------+-------------------------------------------------------------------------------------------------------------------------------------------------+------------------------------------------------------------------------------------------------------------------------------------------+
| Source Id | Global Id | Driver Type/Pin     | Constraint | Site            | Clock Region | Clock Loads | Non-Clock Loads | Source Clock Period | Source Clock                             | Driver Pin                                                                                                                                      | Net                                                                                                                                      |
+-----------+-----------+---------------------+------------+-----------------+--------------+-------------+-----------------+---------------------+------------------------------------------+-------------------------------------------------------------------------------------------------------------------------------------------------+------------------------------------------------------------------------------------------------------------------------------------------+
| src0      | g0        | LUT2/O              | None       | SLICE_X50Y46    | X1Y0         |           1 |               0 |              66.667 | Multiple                                 | xilinx_clk_wizard_wrapper_i/q[31]_i_10__2/O                                                                                                     | xilinx_clk_wizard_wrapper_i/clk_en_reg                                                                                                   |
| src0      | g1        | MMCME2_ADV/CLKOUT0  | None       | MMCME2_ADV_X1Y2 | X1Y2         |           1 |               0 |              66.667 | Multiple                                 | xilinx_clk_wizard_wrapper_i/xilinx_clk_wizard_i/clk_wiz_0/inst/mmcm_adv_inst/CLKOUT0                                                            | xilinx_clk_wizard_wrapper_i/xilinx_clk_wizard_i/clk_wiz_0/inst/clk_out1_xilinx_clk_wizard_clk_wiz_0_0                                    |
| src0      | g2        | LUT2/O              | None       | SLICE_X50Y46    | X1Y0         |           1 |               0 |              66.667 | Multiple                                 | xilinx_clk_wizard_wrapper_i/cnt_q[1]_i_3/O                                                                                                      | xilinx_clk_wizard_wrapper_i/clk_en_reg_0                                                                                                 |
| src0      | g4        | LUT2/O              | None       | SLICE_X50Y47    | X1Y0         |           1 |               0 |              66.667 | Multiple                                 | x_heep_system_i/core_v_mini_mcu_i/peripheral_subsystem_i/i2s_i/i2s_core_i/i2s_clk_gen_i/i_clk_bypass_mux/xilinx_i_clk_mux2_i/r_counter[4]_i_4/O | x_heep_system_i/core_v_mini_mcu_i/peripheral_subsystem_i/i2s_i/i2s_core_i/i2s_clk_gen_i/i_clk_bypass_mux/xilinx_i_clk_mux2_i/i_BUFGMUX_1 |
| src0      | g5        | BUFG/O              | None       | BUFGCTRL_X0Y16  | n/a          |           0 |               0 |              66.667 | clk_out1_xilinx_clk_wizard_clk_wiz_0_0_1 | xilinx_clk_wizard_wrapper_i/xilinx_clk_wizard_i/clk_wiz_0/inst/clkout1_buf/O                                                                    | xilinx_clk_wizard_wrapper_i/xilinx_clk_wizard_i/clk_wiz_0/inst/clk_out1                                                                  |
| src1      | g3        | BSCANE2/TCK         | None       | BSCAN_X0Y2      | X1Y1         |           1 |               0 |                     |                                          | x_heep_system_i/core_v_mini_mcu_i/debug_subsystem_i/dmi_jtag_i/i_dmi_jtag_tap/i_tap_dtmcs/TCK                                                   | x_heep_system_i/core_v_mini_mcu_i/debug_subsystem_i/dmi_jtag_i/i_dmi_jtag_tap/tck_o                                                      |
| src2      | g5        | BUFGCTRL/O          | None       | BUFGCTRL_X0Y18  | n/a          |           1 |               0 |                     |                                          | x_heep_system_i/core_v_mini_mcu_i/peripheral_subsystem_i/i2s_i/i2s_core_i/i2s_clk_gen_i/i_clk_mux/xilinx_i_clk_mux2_i/i_BUFGMUX/O               | x_heep_system_i/core_v_mini_mcu_i/peripheral_subsystem_i/i2s_i/i2s_core_i/i2s_clk_gen_i/i_clk_mux/xilinx_i_clk_mux2_i/generated_clock    |
| src3      | g6        | FDCE/Q              | None       | SLICE_X57Y66    | X1Y1         |           1 |               2 |                     |                                          | x_heep_system_i/core_v_mini_mcu_i/peripheral_subsystem_i/i2s_i/i2s_core_i/i2s_clk_gen_i/t_ff1_q_reg/Q                                           | x_heep_system_i/core_v_mini_mcu_i/peripheral_subsystem_i/i2s_i/i2s_core_i/i2s_clk_gen_i/t_ff1_q_reg_n_0                                  |
| src4      | g6        | LUT2/O              | None       | SLICE_X50Y50    | X1Y1         |           0 |               0 |                     |                                          | x_heep_system_i/core_v_mini_mcu_i/peripheral_subsystem_i/i2s_i/i2s_core_i/i2s_clk_gen_i/i_clk_mux/xilinx_i_clk_mux2_i/i_BUFGMUX_i_1/O           | x_heep_system_i/core_v_mini_mcu_i/peripheral_subsystem_i/i2s_i/i2s_core_i/i2s_clk_gen_i/i_clk_mux/xilinx_i_clk_mux2_i/odd_clk            |
| src5      | g7        | MMCME2_ADV/CLKFBOUT | None       | MMCME2_ADV_X1Y2 | X1Y2         |           1 |               0 |              40.000 | Multiple                                 | xilinx_clk_wizard_wrapper_i/xilinx_clk_wizard_i/clk_wiz_0/inst/mmcm_adv_inst/CLKFBOUT                                                           | xilinx_clk_wizard_wrapper_i/xilinx_clk_wizard_i/clk_wiz_0/inst/clkfbout_xilinx_clk_wizard_clk_wiz_0_0                                    |
| src6      | g8        | LUT1/O              | None       | SLICE_X107Y99   | X1Y1         |           3 |               1 |                     |                                          | rst_led_o_OBUF_inst_i_1/O                                                                                                                       | rst_led_o_OBUF                                                                                                                           |
| src7      | g8        | LUT1/O              | None       | SLICE_X107Y99   | X1Y1         |           0 |               0 |                     |                                          | rst_led_o_OBUF_inst_i_1/O                                                                                                                       | rst_led_o_OBUF                                                                                                                           |
| src8      | g9        | FDCE/Q              | None       | SLICE_X44Y42    | X0Y0         |           1 |               0 |                     |                                          | x_heep_system_i/rstgen_i/i_rstgen_bypass/synch_regs_q_reg[3]/Q                                                                                  | x_heep_system_i/rstgen_i/i_rstgen_bypass/synch_regs_q[3]                                                                                 |
| src9      | g9        | LUT1/O              | None       | SLICE_X107Y99   | X1Y1         |           0 |               0 |                     |                                          | rst_led_o_OBUF_inst_i_1/O                                                                                                                       | rst_led_o_OBUF                                                                                                                           |
+-----------+-----------+---------------------+------------+-----------------+--------------+-------------+-----------------+---------------------+------------------------------------------+-------------------------------------------------------------------------------------------------------------------------------------------------+------------------------------------------------------------------------------------------------------------------------------------------+
* Clock Loads column represents the clock pin loads (pin count)
** Non-Clock Loads column represents the non-clock pin loads (pin count)


4. Clock Regions: Key Resource Utilization
------------------------------------------

+-------------------+--------------+--------------+--------------+--------------+--------------+--------------+--------------+--------------+--------------+--------------+--------------+--------------+--------------+--------------+--------------+
|                   | Global Clock |     BUFRs    |    BUFMRs    |    BUFIOs    |     MMCM     |      PLL     |      GT      |      PCI     |    ILOGIC    |    OLOGIC    |      FF      |     LUTM     |    RAMB18    |    RAMB36    |    DSP48E2   |
+-------------------+------+-------+------+-------+------+-------+------+-------+------+-------+------+-------+------+-------+------+-------+------+-------+------+-------+------+-------+------+-------+------+-------+------+-------+------+-------+
| Clock Region Name | Used | Avail | Used | Avail | Used | Avail | Used | Avail | Used | Avail | Used | Avail | Used | Avail | Used | Avail | Used | Avail | Used | Avail | Used | Avail | Used | Avail | Used | Avail | Used | Avail | Used | Avail |
+-------------------+------+-------+------+-------+------+-------+------+-------+------+-------+------+-------+------+-------+------+-------+------+-------+------+-------+------+-------+------+-------+------+-------+------+-------+------+-------+
| X0Y0              |    3 |    12 |    0 |     4 |    0 |     2 |    0 |     4 |    0 |     1 |    0 |     1 |    0 |     0 |    0 |     0 |    0 |    50 |    0 |    50 | 4506 |  2500 | 1752 |  1000 |    0 |    60 |    0 |    30 |    0 |    60 |
| X1Y0              |    6 |    12 |    0 |     4 |    0 |     2 |    0 |     4 |    0 |     1 |    0 |     1 |    0 |     0 |    0 |     0 |    0 |    50 |    0 |    50 | 7383 |  3200 | 2010 |   850 |    0 |    60 |    0 |    30 |    0 |    40 |
| X0Y1              |    2 |    12 |    0 |     0 |    0 |     0 |    0 |     0 |    0 |     0 |    0 |     0 |    0 |     0 |    0 |     0 |    0 |     0 |    0 |     0 | 3556 |  1200 | 1227 |   400 |    0 |    20 |    0 |    10 |    0 |    20 |
| X1Y1              |    4 |    12 |    0 |     4 |    0 |     2 |    0 |     4 |    0 |     1 |    0 |     1 |    0 |     0 |    0 |     0 |    0 |    50 |    0 |    50 | 7843 |  2600 | 2591 |   850 |    0 |    60 |    0 |    30 |    0 |    40 |
| X0Y2              |    1 |    12 |    0 |     0 |    0 |     0 |    0 |     0 |    0 |     0 |    0 |     0 |    0 |     0 |    0 |     0 |    0 |     0 |    0 |     0 | 1574 |  1200 |  478 |   400 |    0 |    20 |    0 |    10 |    0 |    20 |
| X1Y2              |    3 |    12 |    0 |     4 |    0 |     2 |    0 |     4 |    1 |     1 |    0 |     1 |    0 |     0 |    0 |     0 |    0 |    50 |    0 |    50 | 3553 |  2600 | 1133 |   850 |    0 |    60 |    0 |    30 |    0 |    40 |
+-------------------+------+-------+------+-------+------+-------+------+-------+------+-------+------+-------+------+-------+------+-------+------+-------+------+-------+------+-------+------+-------+------+-------+------+-------+------+-------+
* Global Clock column represents track count; while other columns represents cell counts


5. Clock Regions : Global Clock Summary
---------------------------------------

All Modules
+----+----+----+
|    | X0 | X1 |
+----+----+----+
| Y2 |  1 |  3 |
| Y1 |  2 |  4 |
| Y0 |  3 |  6 |
+----+----+----+


6. Device Cell Placement Summary for Global Clock g0
----------------------------------------------------

+-----------+-----------------+-------------------+----------+-------------+----------------+-------------+----------+----------------+----------+-------------------------------------------------+
| Global Id | Driver Type/Pin | Driver Region (D) | Clock    | Period (ns) | Waveform (ns)  | Slice Loads | IO Loads | Clocking Loads | GT Loads | Net                                             |
+-----------+-----------------+-------------------+----------+-------------+----------------+-------------+----------+----------------+----------+-------------------------------------------------+
| g0        | BUFG/O          | n/a               | Multiple |      66.667 | {0.000 33.333} |       14216 |        0 |              0 |        0 | core_v_mini_mcu_i/peripheral_subsystem_i/clk_cg |
+-----------+-----------------+-------------------+----------+-------------+----------------+-------------+----------+----------------+----------+-------------------------------------------------+
* Slice Loads column represents load cell count of all cell types other than IO, GT and clock resources
** IO Loads column represents load cell count of IO types
*** Clocking Loads column represents load cell count that are clock resources (global clock buffer, MMCM, PLL, etc)
**** GT Loads column represents load cell count of GT types


+----+-------+-------+-----------------------+
|    | X0    | X1    | HORIZONTAL PROG DELAY |
+----+-------+-------+-----------------------+
| Y2 |  1574 |  3526 |                     0 |
| Y1 |  1420 |  6751 |                     0 |
| Y0 |     0 |   945 |                     0 |
+----+-------+-------+-----------------------+


7. Device Cell Placement Summary for Global Clock g1
----------------------------------------------------

+-----------+-----------------+-------------------+----------+-------------+----------------+-------------+----------+----------------+----------+-------------------------------------------------------------------------+
| Global Id | Driver Type/Pin | Driver Region (D) | Clock    | Period (ns) | Waveform (ns)  | Slice Loads | IO Loads | Clocking Loads | GT Loads | Net                                                                     |
+-----------+-----------------+-------------------+----------+-------------+----------------+-------------+----------+----------------+----------+-------------------------------------------------------------------------+
| g1        | BUFG/O          | n/a               | Multiple |      66.667 | {0.000 33.333} |       11563 |        0 |              1 |        0 | xilinx_clk_wizard_wrapper_i/xilinx_clk_wizard_i/clk_wiz_0/inst/clk_out1 |
+-----------+-----------------+-------------------+----------+-------------+----------------+-------------+----------+----------------+----------+-------------------------------------------------------------------------+
* Slice Loads column represents load cell count of all cell types other than IO, GT and clock resources
** IO Loads column represents load cell count of IO types
*** Clocking Loads column represents load cell count that are clock resources (global clock buffer, MMCM, PLL, etc)
**** GT Loads column represents load cell count of GT types


+----+-------+-------+-----------------------+
|    | X0    | X1    | HORIZONTAL PROG DELAY |
+----+-------+-------+-----------------------+
| Y2 |     0 |    27 |                     0 |
| Y1 |  2136 |   868 |                     0 |
| Y0 |  3195 |  5337 |                     0 |
+----+-------+-------+-----------------------+


8. Device Cell Placement Summary for Global Clock g2
----------------------------------------------------

+-----------+-----------------+-------------------+----------+-------------+----------------+-------------+----------+----------------+----------+----------------------------------------------------------------------------+
| Global Id | Driver Type/Pin | Driver Region (D) | Clock    | Period (ns) | Waveform (ns)  | Slice Loads | IO Loads | Clocking Loads | GT Loads | Net                                                                        |
+-----------+-----------------+-------------------+----------+-------------+----------------+-------------+----------+----------------+----------+----------------------------------------------------------------------------+
| g2        | BUFG/O          | n/a               | Multiple |      66.667 | {0.000 33.333} |        2179 |        0 |              0 |        0 | core_v_mini_mcu_i/cpu_subsystem_i/gen_cv32e40px.cv32e40px_top_i/core_i/clk |
+-----------+-----------------+-------------------+----------+-------------+----------------+-------------+----------+----------------+----------+----------------------------------------------------------------------------+
* Slice Loads column represents load cell count of all cell types other than IO, GT and clock resources
** IO Loads column represents load cell count of IO types
*** Clocking Loads column represents load cell count that are clock resources (global clock buffer, MMCM, PLL, etc)
**** GT Loads column represents load cell count of GT types


+----+-------+------+-----------------------+
|    | X0    | X1   | HORIZONTAL PROG DELAY |
+----+-------+------+-----------------------+
| Y2 |     0 |    0 |                     - |
| Y1 |     0 |    0 |                     - |
| Y0 |  1311 |  868 |                     0 |
+----+-------+------+-----------------------+


9. Device Cell Placement Summary for Global Clock g3
----------------------------------------------------

+-----------+-----------------+-------------------+-------+-------------+---------------+-------------+----------+----------------+----------+----------------------------------------------------+
| Global Id | Driver Type/Pin | Driver Region (D) | Clock | Period (ns) | Waveform (ns) | Slice Loads | IO Loads | Clocking Loads | GT Loads | Net                                                |
+-----------+-----------------+-------------------+-------+-------------+---------------+-------------+----------+----------------+----------+----------------------------------------------------+
| g3        | BUFG/O          | n/a               |       |             |               |         241 |        0 |              0 |        0 | core_v_mini_mcu_i/debug_subsystem_i/dmi_jtag_i/tck |
+-----------+-----------------+-------------------+-------+-------------+---------------+-------------+----------+----------------+----------+----------------------------------------------------+
* Slice Loads column represents load cell count of all cell types other than IO, GT and clock resources
** IO Loads column represents load cell count of IO types
*** Clocking Loads column represents load cell count that are clock resources (global clock buffer, MMCM, PLL, etc)
**** GT Loads column represents load cell count of GT types


+----+----+------+-----------------------+
|    | X0 | X1   | HORIZONTAL PROG DELAY |
+----+----+------+-----------------------+
| Y2 |  0 |    0 |                     - |
| Y1 |  0 |    0 |                     - |
| Y0 |  0 |  241 |                     0 |
+----+----+------+-----------------------+


10. Device Cell Placement Summary for Global Clock g4
-----------------------------------------------------

+-----------+-----------------+-------------------+----------+-------------+----------------+-------------+----------+----------------+----------+---------------+
| Global Id | Driver Type/Pin | Driver Region (D) | Clock    | Period (ns) | Waveform (ns)  | Slice Loads | IO Loads | Clocking Loads | GT Loads | Net           |
+-----------+-----------------+-------------------+----------+-------------+----------------+-------------+----------+----------------+----------+---------------+
| g4        | BUFG/O          | n/a               | Multiple |      66.667 | {0.000 33.333} |         223 |        0 |              0 |        0 | i2s_sck_out_x |
+-----------+-----------------+-------------------+----------+-------------+----------------+-------------+----------+----------------+----------+---------------+
* Slice Loads column represents load cell count of all cell types other than IO, GT and clock resources
** IO Loads column represents load cell count of IO types
*** Clocking Loads column represents load cell count that are clock resources (global clock buffer, MMCM, PLL, etc)
**** GT Loads column represents load cell count of GT types


+----+----+------+-----------------------+
|    | X0 | X1   | HORIZONTAL PROG DELAY |
+----+----+------+-----------------------+
| Y2 |  0 |    0 |                     - |
| Y1 |  0 |  223 |                     0 |
| Y0 |  0 |    0 |                     - |
+----+----+------+-----------------------+


11. Device Cell Placement Summary for Global Clock g5
-----------------------------------------------------

+-----------+-----------------+-------------------+----------+-------------+----------------+-------------+----------+----------------+----------+------------------------------------------------------------------------------------------------------------------------------------------+
| Global Id | Driver Type/Pin | Driver Region (D) | Clock    | Period (ns) | Waveform (ns)  | Slice Loads | IO Loads | Clocking Loads | GT Loads | Net                                                                                                                                      |
+-----------+-----------------+-------------------+----------+-------------+----------------+-------------+----------+----------------+----------+------------------------------------------------------------------------------------------------------------------------------------------+
| g5        | BUFGCTRL/O      | n/a               | Multiple |      66.667 | {0.000 33.333} |           4 |        0 |              0 |        0 | x_heep_system_i/core_v_mini_mcu_i/peripheral_subsystem_i/i2s_i/i2s_core_i/i2s_clk_gen_i/i_clk_bypass_mux/xilinx_i_clk_mux2_i/i_BUFGMUX_0 |
+-----------+-----------------+-------------------+----------+-------------+----------------+-------------+----------+----------------+----------+------------------------------------------------------------------------------------------------------------------------------------------+
* Slice Loads column represents load cell count of all cell types other than IO, GT and clock resources
** IO Loads column represents load cell count of IO types
*** Clocking Loads column represents load cell count that are clock resources (global clock buffer, MMCM, PLL, etc)
**** GT Loads column represents load cell count of GT types


+----+----+----+-----------------------+
|    | X0 | X1 | HORIZONTAL PROG DELAY |
+----+----+----+-----------------------+
| Y2 |  0 |  0 |                     - |
| Y1 |  0 |  2 |                     0 |
| Y0 |  0 |  2 |                     0 |
+----+----+----+-----------------------+


12. Device Cell Placement Summary for Global Clock g6
-----------------------------------------------------

+-----------+-----------------+-------------------+-------+-------------+---------------+-------------+----------+----------------+----------+---------------------------------------------------------------------------------------------------------------------------------------+
| Global Id | Driver Type/Pin | Driver Region (D) | Clock | Period (ns) | Waveform (ns) | Slice Loads | IO Loads | Clocking Loads | GT Loads | Net                                                                                                                                   |
+-----------+-----------------+-------------------+-------+-------------+---------------+-------------+----------+----------------+----------+---------------------------------------------------------------------------------------------------------------------------------------+
| g6        | BUFGCTRL/O      | n/a               |       |             |               |           0 |        0 |              1 |        0 | x_heep_system_i/core_v_mini_mcu_i/peripheral_subsystem_i/i2s_i/i2s_core_i/i2s_clk_gen_i/i_clk_mux/xilinx_i_clk_mux2_i/generated_clock |
+-----------+-----------------+-------------------+-------+-------------+---------------+-------------+----------+----------------+----------+---------------------------------------------------------------------------------------------------------------------------------------+
* Slice Loads column represents load cell count of all cell types other than IO, GT and clock resources
** IO Loads column represents load cell count of IO types
*** Clocking Loads column represents load cell count that are clock resources (global clock buffer, MMCM, PLL, etc)
**** GT Loads column represents load cell count of GT types


+----+----+----+-----------------------+
|    | X0 | X1 | HORIZONTAL PROG DELAY |
+----+----+----+-----------------------+
| Y2 |  0 |  0 |                     - |
| Y1 |  0 |  0 |                     - |
| Y0 |  0 |  0 |                     - |
+----+----+----+-----------------------+


13. Device Cell Placement Summary for Global Clock g7
-----------------------------------------------------

+-----------+-----------------+-------------------+----------+-------------+----------------+-------------+----------+----------------+----------+-----------------------------------------------------------------------------------------------------------+
| Global Id | Driver Type/Pin | Driver Region (D) | Clock    | Period (ns) | Waveform (ns)  | Slice Loads | IO Loads | Clocking Loads | GT Loads | Net                                                                                                       |
+-----------+-----------------+-------------------+----------+-------------+----------------+-------------+----------+----------------+----------+-----------------------------------------------------------------------------------------------------------+
| g7        | BUFG/O          | n/a               | Multiple |      40.000 | {0.000 20.000} |           0 |        0 |              1 |        0 | xilinx_clk_wizard_wrapper_i/xilinx_clk_wizard_i/clk_wiz_0/inst/clkfbout_buf_xilinx_clk_wizard_clk_wiz_0_0 |
+-----------+-----------------+-------------------+----------+-------------+----------------+-------------+----------+----------------+----------+-----------------------------------------------------------------------------------------------------------+
* Slice Loads column represents load cell count of all cell types other than IO, GT and clock resources
** IO Loads column represents load cell count of IO types
*** Clocking Loads column represents load cell count that are clock resources (global clock buffer, MMCM, PLL, etc)
**** GT Loads column represents load cell count of GT types


+----+----+----+-----------------------+
|    | X0 | X1 | HORIZONTAL PROG DELAY |
+----+----+----+-----------------------+
| Y2 |  0 |  1 |                     0 |
| Y1 |  0 |  0 |                     - |
| Y0 |  0 |  0 |                     - |
+----+----+----+-----------------------+


14. Device Cell Placement Summary for Global Clock g8
-----------------------------------------------------

+-----------+-----------------+-------------------+-------+-------------+---------------+-------------+----------+----------------+----------+----------------------------------------------------------------------------------------+
| Global Id | Driver Type/Pin | Driver Region (D) | Clock | Period (ns) | Waveform (ns) | Slice Loads | IO Loads | Clocking Loads | GT Loads | Net                                                                                    |
+-----------+-----------------+-------------------+-------+-------------+---------------+-------------+----------+----------------+----------+----------------------------------------------------------------------------------------+
| g8        | BUFGCTRL/O      | n/a               |       |             |               |           1 |        0 |              0 |        0 | x_heep_system_i/rstgen_i/i_rstgen_bypass/i_tc_clk_mux2_rst_n/xilinx_i_clk_mux2_i/rst_n |
+-----------+-----------------+-------------------+-------+-------------+---------------+-------------+----------+----------------+----------+----------------------------------------------------------------------------------------+
* Slice Loads column represents load cell count of all cell types other than IO, GT and clock resources
** IO Loads column represents load cell count of IO types
*** Clocking Loads column represents load cell count that are clock resources (global clock buffer, MMCM, PLL, etc)
**** GT Loads column represents load cell count of GT types


+----+----+----+-----------------------+
|    | X0 | X1 | HORIZONTAL PROG DELAY |
+----+----+----+-----------------------+
| Y2 |  0 |  0 |                     - |
| Y1 |  0 |  0 |                     - |
| Y0 |  1 |  0 |                     0 |
+----+----+----+-----------------------+


15. Device Cell Placement Summary for Global Clock g9
-----------------------------------------------------

+-----------+-----------------+-------------------+-------+-------------+---------------+-------------+----------+----------------+----------+--------------------------------------------------------------------------------------------+
| Global Id | Driver Type/Pin | Driver Region (D) | Clock | Period (ns) | Waveform (ns) | Slice Loads | IO Loads | Clocking Loads | GT Loads | Net                                                                                        |
+-----------+-----------------+-------------------+-------+-------------+---------------+-------------+----------+----------------+----------+--------------------------------------------------------------------------------------------+
| g9        | BUFGCTRL/O      | n/a               |       |             |               |           6 |        0 |              0 |        0 | x_heep_system_i/rstgen_i/i_rstgen_bypass/i_tc_clk_mux2_rst_no/xilinx_i_clk_mux2_i/rst_ngen |
+-----------+-----------------+-------------------+-------+-------------+---------------+-------------+----------+----------------+----------+--------------------------------------------------------------------------------------------+
* Slice Loads column represents load cell count of all cell types other than IO, GT and clock resources
** IO Loads column represents load cell count of IO types
*** Clocking Loads column represents load cell count that are clock resources (global clock buffer, MMCM, PLL, etc)
**** GT Loads column represents load cell count of GT types


+----+----+----+-----------------------+
|    | X0 | X1 | HORIZONTAL PROG DELAY |
+----+----+----+-----------------------+
| Y2 |  0 |  0 |                     - |
| Y1 |  0 |  0 |                     - |
| Y0 |  0 |  6 |                     0 |
+----+----+----+-----------------------+


16. Clock Region Cell Placement per Global Clock: Region X0Y0
-------------------------------------------------------------

+-----------+-------+-----------------+------------+-------------+-----------------+------+-------------+------+-----+----+------+-----+---------+----------------------------------------------------------------------------------------+
| Global Id | Track | Driver Type/Pin | Constraint | Clock Loads | Non-Clock Loads | FF   | Memory LUTs | RAMB | DSP | GT | MMCM | PLL | Hard IP | Net                                                                                    |
+-----------+-------+-----------------+------------+-------------+-----------------+------+-------------+------+-----+----+------+-----+---------+----------------------------------------------------------------------------------------+
| g1        | n/a   | BUFG/O          | None       |        3195 |               0 | 3195 |           0 |    0 |   0 |  0 |    0 |   0 |       0 | xilinx_clk_wizard_wrapper_i/xilinx_clk_wizard_i/clk_wiz_0/inst/clk_out1                |
| g2        | n/a   | BUFG/O          | None       |        1311 |               0 | 1311 |           0 |    0 |   0 |  0 |    0 |   0 |       0 | core_v_mini_mcu_i/cpu_subsystem_i/gen_cv32e40px.cv32e40px_top_i/core_i/clk             |
| g8        | n/a   | BUFGCTRL/O      | None       |           0 |               1 |    0 |           0 |    0 |   0 |  0 |    0 |   0 |       0 | x_heep_system_i/rstgen_i/i_rstgen_bypass/i_tc_clk_mux2_rst_n/xilinx_i_clk_mux2_i/rst_n |
+-----------+-------+-----------------+------------+-------------+-----------------+------+-------------+------+-----+----+------+-----+---------+----------------------------------------------------------------------------------------+
* Clock Loads column represents the clock pin loads (pin count)
** Non-Clock Loads column represents the non-clock pin loads (pin count)
*** Columns FF, LUTRAM, RAMB through 'Hard IP' represents load cell counts


17. Clock Region Cell Placement per Global Clock: Region X1Y0
-------------------------------------------------------------

+-----------+-------+-----------------+------------+-------------+-----------------+------+-------------+------+-----+----+------+-----+---------+------------------------------------------------------------------------------------------------------------------------------------------+
| Global Id | Track | Driver Type/Pin | Constraint | Clock Loads | Non-Clock Loads | FF   | Memory LUTs | RAMB | DSP | GT | MMCM | PLL | Hard IP | Net                                                                                                                                      |
+-----------+-------+-----------------+------------+-------------+-----------------+------+-------------+------+-----+----+------+-----+---------+------------------------------------------------------------------------------------------------------------------------------------------+
| g0        | n/a   | BUFG/O          | None       |         945 |               0 |  945 |           0 |    0 |   0 |  0 |    0 |   0 |       0 | core_v_mini_mcu_i/peripheral_subsystem_i/clk_cg                                                                                          |
| g1        | n/a   | BUFG/O          | None       |        5333 |               4 | 5329 |           0 |    0 |   0 |  0 |    0 |   0 |       0 | xilinx_clk_wizard_wrapper_i/xilinx_clk_wizard_i/clk_wiz_0/inst/clk_out1                                                                  |
| g2        | n/a   | BUFG/O          | None       |         868 |               0 |  868 |           0 |    0 |   0 |  0 |    0 |   0 |       0 | core_v_mini_mcu_i/cpu_subsystem_i/gen_cv32e40px.cv32e40px_top_i/core_i/clk                                                               |
| g3        | n/a   | BUFG/O          | None       |         241 |               0 |  241 |           0 |    0 |   0 |  0 |    0 |   0 |       0 | core_v_mini_mcu_i/debug_subsystem_i/dmi_jtag_i/tck                                                                                       |
| g5        | n/a   | BUFGCTRL/O      | None       |           0 |               2 |    0 |           0 |    0 |   0 |  0 |    0 |   0 |       0 | x_heep_system_i/core_v_mini_mcu_i/peripheral_subsystem_i/i2s_i/i2s_core_i/i2s_clk_gen_i/i_clk_bypass_mux/xilinx_i_clk_mux2_i/i_BUFGMUX_0 |
| g9        | n/a   | BUFGCTRL/O      | None       |           0 |               6 |    0 |           0 |    0 |   0 |  0 |    0 |   0 |       0 | x_heep_system_i/rstgen_i/i_rstgen_bypass/i_tc_clk_mux2_rst_no/xilinx_i_clk_mux2_i/rst_ngen                                               |
+-----------+-------+-----------------+------------+-------------+-----------------+------+-------------+------+-----+----+------+-----+---------+------------------------------------------------------------------------------------------------------------------------------------------+
* Clock Loads column represents the clock pin loads (pin count)
** Non-Clock Loads column represents the non-clock pin loads (pin count)
*** Columns FF, LUTRAM, RAMB through 'Hard IP' represents load cell counts


18. Clock Region Cell Placement per Global Clock: Region X0Y1
-------------------------------------------------------------

+-----------+-------+-----------------+------------+-------------+-----------------+------+-------------+------+-----+----+------+-----+---------+-------------------------------------------------------------------------+
| Global Id | Track | Driver Type/Pin | Constraint | Clock Loads | Non-Clock Loads | FF   | Memory LUTs | RAMB | DSP | GT | MMCM | PLL | Hard IP | Net                                                                     |
+-----------+-------+-----------------+------------+-------------+-----------------+------+-------------+------+-----+----+------+-----+---------+-------------------------------------------------------------------------+
| g0        | n/a   | BUFG/O          | None       |        1420 |               0 | 1420 |           0 |    0 |   0 |  0 |    0 |   0 |       0 | core_v_mini_mcu_i/peripheral_subsystem_i/clk_cg                         |
| g1        | n/a   | BUFG/O          | None       |        2136 |               0 | 2136 |           0 |    0 |   0 |  0 |    0 |   0 |       0 | xilinx_clk_wizard_wrapper_i/xilinx_clk_wizard_i/clk_wiz_0/inst/clk_out1 |
+-----------+-------+-----------------+------------+-------------+-----------------+------+-------------+------+-----+----+------+-----+---------+-------------------------------------------------------------------------+
* Clock Loads column represents the clock pin loads (pin count)
** Non-Clock Loads column represents the non-clock pin loads (pin count)
*** Columns FF, LUTRAM, RAMB through 'Hard IP' represents load cell counts


19. Clock Region Cell Placement per Global Clock: Region X1Y1
-------------------------------------------------------------

+-----------+-------+-----------------+------------+-------------+-----------------+------+-------------+------+-----+----+------+-----+---------+------------------------------------------------------------------------------------------------------------------------------------------+
| Global Id | Track | Driver Type/Pin | Constraint | Clock Loads | Non-Clock Loads | FF   | Memory LUTs | RAMB | DSP | GT | MMCM | PLL | Hard IP | Net                                                                                                                                      |
+-----------+-------+-----------------+------------+-------------+-----------------+------+-------------+------+-----+----+------+-----+---------+------------------------------------------------------------------------------------------------------------------------------------------+
| g0        | n/a   | BUFG/O          | None       |        6751 |               0 | 6751 |           0 |    0 |   0 |  0 |    0 |   0 |       0 | core_v_mini_mcu_i/peripheral_subsystem_i/clk_cg                                                                                          |
| g1        | n/a   | BUFG/O          | None       |         868 |               0 |  868 |           0 |    0 |   0 |  0 |    0 |   0 |       0 | xilinx_clk_wizard_wrapper_i/xilinx_clk_wizard_i/clk_wiz_0/inst/clk_out1                                                                  |
| g4        | n/a   | BUFG/O          | None       |         223 |               0 |  223 |           0 |    0 |   0 |  0 |    0 |   0 |       0 | i2s_sck_out_x                                                                                                                            |
| g5        | n/a   | BUFGCTRL/O      | None       |           2 |               0 |    1 |           0 |    0 |   0 |  0 |    0 |   0 |       0 | x_heep_system_i/core_v_mini_mcu_i/peripheral_subsystem_i/i2s_i/i2s_core_i/i2s_clk_gen_i/i_clk_bypass_mux/xilinx_i_clk_mux2_i/i_BUFGMUX_0 |
+-----------+-------+-----------------+------------+-------------+-----------------+------+-------------+------+-----+----+------+-----+---------+------------------------------------------------------------------------------------------------------------------------------------------+
* Clock Loads column represents the clock pin loads (pin count)
** Non-Clock Loads column represents the non-clock pin loads (pin count)
*** Columns FF, LUTRAM, RAMB through 'Hard IP' represents load cell counts


20. Clock Region Cell Placement per Global Clock: Region X0Y2
-------------------------------------------------------------

+-----------+-------+-----------------+------------+-------------+-----------------+------+-------------+------+-----+----+------+-----+---------+-------------------------------------------------+
| Global Id | Track | Driver Type/Pin | Constraint | Clock Loads | Non-Clock Loads | FF   | Memory LUTs | RAMB | DSP | GT | MMCM | PLL | Hard IP | Net                                             |
+-----------+-------+-----------------+------------+-------------+-----------------+------+-------------+------+-----+----+------+-----+---------+-------------------------------------------------+
| g0        | n/a   | BUFG/O          | None       |        1574 |               0 | 1574 |           0 |    0 |   0 |  0 |    0 |   0 |       0 | core_v_mini_mcu_i/peripheral_subsystem_i/clk_cg |
+-----------+-------+-----------------+------------+-------------+-----------------+------+-------------+------+-----+----+------+-----+---------+-------------------------------------------------+
* Clock Loads column represents the clock pin loads (pin count)
** Non-Clock Loads column represents the non-clock pin loads (pin count)
*** Columns FF, LUTRAM, RAMB through 'Hard IP' represents load cell counts


21. Clock Region Cell Placement per Global Clock: Region X1Y2
-------------------------------------------------------------

+-----------+-------+-----------------+------------+-------------+-----------------+------+-------------+------+-----+----+------+-----+---------+-----------------------------------------------------------------------------------------------------------+
| Global Id | Track | Driver Type/Pin | Constraint | Clock Loads | Non-Clock Loads | FF   | Memory LUTs | RAMB | DSP | GT | MMCM | PLL | Hard IP | Net                                                                                                       |
+-----------+-------+-----------------+------------+-------------+-----------------+------+-------------+------+-----+----+------+-----+---------+-----------------------------------------------------------------------------------------------------------+
| g0        | n/a   | BUFG/O          | None       |        3526 |               0 | 3526 |           0 |    0 |   0 |  0 |    0 |   0 |       0 | core_v_mini_mcu_i/peripheral_subsystem_i/clk_cg                                                           |
| g1        | n/a   | BUFG/O          | None       |          27 |               0 |   27 |           0 |    0 |   0 |  0 |    0 |   0 |       0 | xilinx_clk_wizard_wrapper_i/xilinx_clk_wizard_i/clk_wiz_0/inst/clk_out1                                   |
| g7        | n/a   | BUFG/O          | None       |           1 |               0 |    0 |           0 |    0 |   0 |  0 |    1 |   0 |       0 | xilinx_clk_wizard_wrapper_i/xilinx_clk_wizard_i/clk_wiz_0/inst/clkfbout_buf_xilinx_clk_wizard_clk_wiz_0_0 |
+-----------+-------+-----------------+------------+-------------+-----------------+------+-------------+------+-----+----+------+-----+---------+-----------------------------------------------------------------------------------------------------------+
* Clock Loads column represents the clock pin loads (pin count)
** Non-Clock Loads column represents the non-clock pin loads (pin count)
*** Columns FF, LUTRAM, RAMB through 'Hard IP' represents load cell counts



# Location of BUFG Primitives 
set_property LOC BUFGCTRL_X0Y19 [get_cells xilinx_clk_wizard_wrapper_i/xilinx_clk_wizard_i/clk_wiz_0/inst/clkf_buf]
set_property LOC BUFGCTRL_X0Y16 [get_cells xilinx_clk_wizard_wrapper_i/xilinx_clk_wizard_i/clk_wiz_0/inst/clkout1_buf]
set_property LOC BUFGCTRL_X0Y4 [get_cells x_heep_system_i/rstgen_i/i_rstgen_bypass/i_tc_clk_mux2_rst_no/xilinx_i_clk_mux2_i/i_BUFGMUX]
set_property LOC BUFGCTRL_X0Y5 [get_cells x_heep_system_i/rstgen_i/i_rstgen_bypass/i_tc_clk_mux2_rst_n/xilinx_i_clk_mux2_i/i_BUFGMUX]
set_property LOC BUFGCTRL_X0Y18 [get_cells x_heep_system_i/core_v_mini_mcu_i/peripheral_subsystem_i/i2s_i/i2s_core_i/i2s_clk_gen_i/i_clk_mux/xilinx_i_clk_mux2_i/i_BUFGMUX]
set_property LOC BUFGCTRL_X0Y17 [get_cells x_heep_system_i/core_v_mini_mcu_i/peripheral_subsystem_i/i2s_i/i2s_core_i/i2s_clk_gen_i/i_clk_bypass_mux/xilinx_i_clk_mux2_i/i_BUFGMUX]
set_property LOC BUFGCTRL_X0Y3 [get_cells r_counter_reg[4]_i_2]
set_property LOC BUFGCTRL_X0Y0 [get_cells q_reg[31]_i_3__1]
set_property LOC BUFGCTRL_X0Y2 [get_cells FSM_sequential_state_q_reg[1]_i_2]
set_property LOC BUFGCTRL_X0Y1 [get_cells cnt_q_reg[1]_i_1]

# Location of IO Primitives which is load of clock spine

# Location of clock ports

# Clock net "xilinx_clk_wizard_wrapper_i/xilinx_clk_wizard_i/clk_wiz_0/inst/clk_out1" driven by instance "xilinx_clk_wizard_wrapper_i/xilinx_clk_wizard_i/clk_wiz_0/inst/clkout1_buf" located at site "BUFGCTRL_X0Y16"
#startgroup
create_pblock {CLKAG_xilinx_clk_wizard_wrapper_i/xilinx_clk_wizard_i/clk_wiz_0/inst/clk_out1}
add_cells_to_pblock [get_pblocks  {CLKAG_xilinx_clk_wizard_wrapper_i/xilinx_clk_wizard_i/clk_wiz_0/inst/clk_out1}] [get_cells -filter { PRIMITIVE_GROUP != I/O && IS_PRIMITIVE==1 && PRIMITIVE_LEVEL !=INTERNAL && NAME!=x_heep_system_i/core_v_mini_mcu_i/peripheral_subsystem_i/i2s_i/i2s_core_i/i2s_clk_gen_i/i_clk_bypass_mux/xilinx_i_clk_mux2_i/i_BUFGMUX} -of_object [get_pins -filter {DIRECTION==IN} -of_objects [get_nets -hierarchical -filter {PARENT=="xilinx_clk_wizard_wrapper_i/xilinx_clk_wizard_i/clk_wiz_0/inst/clk_out1"}]]]
resize_pblock [get_pblocks {CLKAG_xilinx_clk_wizard_wrapper_i/xilinx_clk_wizard_i/clk_wiz_0/inst/clk_out1}] -add {CLOCKREGION_X0Y0:CLOCKREGION_X0Y0 CLOCKREGION_X0Y1:CLOCKREGION_X0Y1 CLOCKREGION_X1Y0:CLOCKREGION_X1Y0 CLOCKREGION_X1Y1:CLOCKREGION_X1Y1 CLOCKREGION_X1Y2:CLOCKREGION_X1Y2}
#endgroup

# Clock net "x_heep_system_i/rstgen_i/i_rstgen_bypass/i_tc_clk_mux2_rst_no/xilinx_i_clk_mux2_i/rst_ngen" driven by instance "x_heep_system_i/rstgen_i/i_rstgen_bypass/i_tc_clk_mux2_rst_no/xilinx_i_clk_mux2_i/i_BUFGMUX" located at site "BUFGCTRL_X0Y4"
#startgroup
create_pblock {CLKAG_x_heep_system_i/rstgen_i/i_rstgen_bypass/i_tc_clk_mux2_rst_no/xilinx_i_clk_mux2_i/rst_ngen}
add_cells_to_pblock [get_pblocks  {CLKAG_x_heep_system_i/rstgen_i/i_rstgen_bypass/i_tc_clk_mux2_rst_no/xilinx_i_clk_mux2_i/rst_ngen}] [get_cells -filter { PRIMITIVE_GROUP != I/O && IS_PRIMITIVE==1 && PRIMITIVE_LEVEL !=INTERNAL } -of_object [get_pins -filter {DIRECTION==IN} -of_objects [get_nets -hierarchical -filter {PARENT=="x_heep_system_i/rstgen_i/i_rstgen_bypass/i_tc_clk_mux2_rst_no/xilinx_i_clk_mux2_i/rst_ngen"}]]]
resize_pblock [get_pblocks {CLKAG_x_heep_system_i/rstgen_i/i_rstgen_bypass/i_tc_clk_mux2_rst_no/xilinx_i_clk_mux2_i/rst_ngen}] -add {CLOCKREGION_X1Y0:CLOCKREGION_X1Y0}
#endgroup

# Clock net "x_heep_system_i/rstgen_i/i_rstgen_bypass/i_tc_clk_mux2_rst_n/xilinx_i_clk_mux2_i/rst_n" driven by instance "x_heep_system_i/rstgen_i/i_rstgen_bypass/i_tc_clk_mux2_rst_n/xilinx_i_clk_mux2_i/i_BUFGMUX" located at site "BUFGCTRL_X0Y5"
#startgroup
create_pblock {CLKAG_x_heep_system_i/rstgen_i/i_rstgen_bypass/i_tc_clk_mux2_rst_n/xilinx_i_clk_mux2_i/rst_n}
add_cells_to_pblock [get_pblocks  {CLKAG_x_heep_system_i/rstgen_i/i_rstgen_bypass/i_tc_clk_mux2_rst_n/xilinx_i_clk_mux2_i/rst_n}] [get_cells -filter { PRIMITIVE_GROUP != I/O && IS_PRIMITIVE==1 && PRIMITIVE_LEVEL !=INTERNAL } -of_object [get_pins -filter {DIRECTION==IN} -of_objects [get_nets -hierarchical -filter {PARENT=="x_heep_system_i/rstgen_i/i_rstgen_bypass/i_tc_clk_mux2_rst_n/xilinx_i_clk_mux2_i/rst_n"}]]]
resize_pblock [get_pblocks {CLKAG_x_heep_system_i/rstgen_i/i_rstgen_bypass/i_tc_clk_mux2_rst_n/xilinx_i_clk_mux2_i/rst_n}] -add {CLOCKREGION_X0Y0:CLOCKREGION_X0Y0}
#endgroup

# Clock net "x_heep_system_i/core_v_mini_mcu_i/peripheral_subsystem_i/i2s_i/i2s_core_i/i2s_clk_gen_i/i_clk_bypass_mux/xilinx_i_clk_mux2_i/i_BUFGMUX_0" driven by instance "x_heep_system_i/core_v_mini_mcu_i/peripheral_subsystem_i/i2s_i/i2s_core_i/i2s_clk_gen_i/i_clk_bypass_mux/xilinx_i_clk_mux2_i/i_BUFGMUX" located at site "BUFGCTRL_X0Y17"
#startgroup
create_pblock {CLKAG_x_heep_system_i/core_v_mini_mcu_i/peripheral_subsystem_i/i2s_i/i2s_core_i/i2s_clk_gen_i/i_clk_bypass_mux/xilinx_i_clk_mux2_i/i_BUFGMUX_0}
add_cells_to_pblock [get_pblocks  {CLKAG_x_heep_system_i/core_v_mini_mcu_i/peripheral_subsystem_i/i2s_i/i2s_core_i/i2s_clk_gen_i/i_clk_bypass_mux/xilinx_i_clk_mux2_i/i_BUFGMUX_0}] [get_cells -filter { PRIMITIVE_GROUP != I/O && IS_PRIMITIVE==1 && PRIMITIVE_LEVEL !=INTERNAL } -of_object [get_pins -filter {DIRECTION==IN} -of_objects [get_nets -hierarchical -filter {PARENT=="x_heep_system_i/core_v_mini_mcu_i/peripheral_subsystem_i/i2s_i/i2s_core_i/i2s_clk_gen_i/i_clk_bypass_mux/xilinx_i_clk_mux2_i/i_BUFGMUX_0"}]]]
resize_pblock [get_pblocks {CLKAG_x_heep_system_i/core_v_mini_mcu_i/peripheral_subsystem_i/i2s_i/i2s_core_i/i2s_clk_gen_i/i_clk_bypass_mux/xilinx_i_clk_mux2_i/i_BUFGMUX_0}] -add {CLOCKREGION_X1Y0:CLOCKREGION_X1Y0 CLOCKREGION_X1Y1:CLOCKREGION_X1Y1}
#endgroup

# Clock net "i2s_sck_out_x" driven by instance "r_counter_reg[4]_i_2" located at site "BUFGCTRL_X0Y3"
#startgroup
create_pblock {CLKAG_i2s_sck_out_x}
add_cells_to_pblock [get_pblocks  {CLKAG_i2s_sck_out_x}] [get_cells -filter { PRIMITIVE_GROUP != I/O && IS_PRIMITIVE==1 && PRIMITIVE_LEVEL !=INTERNAL } -of_object [get_pins -filter {DIRECTION==IN} -of_objects [get_nets -hierarchical -filter {PARENT=="i2s_sck_out_x"}]]]
resize_pblock [get_pblocks {CLKAG_i2s_sck_out_x}] -add {CLOCKREGION_X1Y1:CLOCKREGION_X1Y1}
#endgroup

# Clock net "core_v_mini_mcu_i/peripheral_subsystem_i/clk_cg" driven by instance "q_reg[31]_i_3__1" located at site "BUFGCTRL_X0Y0"
#startgroup
create_pblock {CLKAG_core_v_mini_mcu_i/peripheral_subsystem_i/clk_cg}
add_cells_to_pblock [get_pblocks  {CLKAG_core_v_mini_mcu_i/peripheral_subsystem_i/clk_cg}] [get_cells -filter { PRIMITIVE_GROUP != I/O && IS_PRIMITIVE==1 && PRIMITIVE_LEVEL !=INTERNAL } -of_object [get_pins -filter {DIRECTION==IN} -of_objects [get_nets -hierarchical -filter {PARENT=="core_v_mini_mcu_i/peripheral_subsystem_i/clk_cg"}]]]
resize_pblock [get_pblocks {CLKAG_core_v_mini_mcu_i/peripheral_subsystem_i/clk_cg}] -add {CLOCKREGION_X0Y1:CLOCKREGION_X0Y1 CLOCKREGION_X0Y2:CLOCKREGION_X0Y2 CLOCKREGION_X1Y0:CLOCKREGION_X1Y0 CLOCKREGION_X1Y1:CLOCKREGION_X1Y1 CLOCKREGION_X1Y2:CLOCKREGION_X1Y2}
#endgroup

# Clock net "core_v_mini_mcu_i/debug_subsystem_i/dmi_jtag_i/tck" driven by instance "FSM_sequential_state_q_reg[1]_i_2" located at site "BUFGCTRL_X0Y2"
#startgroup
create_pblock {CLKAG_core_v_mini_mcu_i/debug_subsystem_i/dmi_jtag_i/tck}
add_cells_to_pblock [get_pblocks  {CLKAG_core_v_mini_mcu_i/debug_subsystem_i/dmi_jtag_i/tck}] [get_cells -filter { PRIMITIVE_GROUP != I/O && IS_PRIMITIVE==1 && PRIMITIVE_LEVEL !=INTERNAL } -of_object [get_pins -filter {DIRECTION==IN} -of_objects [get_nets -hierarchical -filter {PARENT=="core_v_mini_mcu_i/debug_subsystem_i/dmi_jtag_i/tck"}]]]
resize_pblock [get_pblocks {CLKAG_core_v_mini_mcu_i/debug_subsystem_i/dmi_jtag_i/tck}] -add {CLOCKREGION_X1Y0:CLOCKREGION_X1Y0}
#endgroup

# Clock net "core_v_mini_mcu_i/cpu_subsystem_i/gen_cv32e40px.cv32e40px_top_i/core_i/clk" driven by instance "cnt_q_reg[1]_i_1" located at site "BUFGCTRL_X0Y1"
#startgroup
create_pblock {CLKAG_core_v_mini_mcu_i/cpu_subsystem_i/gen_cv32e40px.cv32e40px_top_i/core_i/clk}
add_cells_to_pblock [get_pblocks  {CLKAG_core_v_mini_mcu_i/cpu_subsystem_i/gen_cv32e40px.cv32e40px_top_i/core_i/clk}] [get_cells -filter { PRIMITIVE_GROUP != I/O && IS_PRIMITIVE==1 && PRIMITIVE_LEVEL !=INTERNAL } -of_object [get_pins -filter {DIRECTION==IN} -of_objects [get_nets -hierarchical -filter {PARENT=="core_v_mini_mcu_i/cpu_subsystem_i/gen_cv32e40px.cv32e40px_top_i/core_i/clk"}]]]
resize_pblock [get_pblocks {CLKAG_core_v_mini_mcu_i/cpu_subsystem_i/gen_cv32e40px.cv32e40px_top_i/core_i/clk}] -add {CLOCKREGION_X0Y0:CLOCKREGION_X0Y0 CLOCKREGION_X1Y0:CLOCKREGION_X1Y0}
#endgroup
